<?xml version="1.0" encoding="UTF-8"?>
<!-- Generated by org.testng.reporters.JUnitReportReporter -->
<testsuite hostname="pc" failures="0" tests="1" name="org.doorDashTest.ChangeRestoCategoryTest" time="19.306" errors="0" timestamp="2022-09-19T15:18:02 IST" skipped="0">
  <testcase classname="org.doorDashTest.ChangeRestoCategoryTest" name="changerestoCategory" time="19.306"/>
  <system-out/>
</testsuite> <!-- org.doorDashTest.ChangeRestoCategoryTest -->
