<?xml version="1.0" encoding="UTF-8"?>
<!-- Generated by org.testng.reporters.JUnitReportReporter -->
<testsuite hostname="pc" failures="0" tests="1" name="testNgTest.practice1Test" time="0.049" errors="0" timestamp="2022-09-09T12:42:19 IST" skipped="0">
  <testcase classname="testNgTest.practice1Test" name="stepTest" time="0.049"/>
  <system-out/>
</testsuite> <!-- testNgTest.practice1Test -->
