<?xml version="1.0" encoding="UTF-8"?>
<!-- Generated by org.testng.reporters.JUnitReportReporter -->
<testsuite hostname="pc" failures="0" tests="1" name="org.doorDashTest.RestuarantToOrderDishTest" time="13.407" errors="0" timestamp="2022-09-19T16:08:26 IST" skipped="0">
  <testcase classname="org.doorDashTest.RestuarantToOrderDishTest" name="restuarantToOrderDishTest" time="13.407"/>
  <system-out/>
</testsuite> <!-- org.doorDashTest.RestuarantToOrderDishTest -->
