<?xml version="1.0" encoding="UTF-8"?>
<!-- Generated by org.testng.reporters.JUnitReportReporter -->
<testsuite hostname="pc" failures="0" tests="2" name="testNgTest.practiseTest" time="0.074" errors="0" timestamp="2022-09-09T12:44:59 IST" skipped="0">
  <testcase classname="testNgTest.practiseTest" name="stepTest" time="0.054"/>
  <system-out/>
  <testcase classname="testNgTest.practiseTest" name="stepTest1" time="0.020"/>
  <system-out/>
</testsuite> <!-- testNgTest.practiseTest -->
