<?xml version="1.0" encoding="UTF-8"?>
<!-- Generated by org.testng.reporters.JUnitReportReporter -->
<testsuite hostname="pc" failures="0" tests="1" name="org.doorDashTest.AddDishCartTest1" time="12.407" errors="0" timestamp="2022-09-20T16:13:38 IST" skipped="0">
  <testcase classname="org.doorDashTest.AddDishCartTest1" name="addDishCartTest1" time="12.407"/>
  <system-out/>
</testsuite> <!-- org.doorDashTest.AddDishCartTest1 -->
